\BOOKMARK [1][-]{section*.1}{\376\377\004\022\004\022\004\025\004\024\004\025\004\035\004\030\004\025}{}% 1
\BOOKMARK [1][-]{section.1}{\376\377\004\036\004\061\004\111\004\070\004\065\000\040\004\101\004\062\004\065\004\064\004\065\004\075\004\070\004\117\000\040\004\076\000\040\004\077\004\100\004\065\004\064\004\074\004\065\004\102\004\075\004\076\004\071\000\040\004\076\004\061\004\073\004\060\004\101\004\102\004\070}{}% 2
\BOOKMARK [2][-]{subsection.1.1}{\376\377\004\030\004\075\004\102\004\065\004\100\004\075\004\065\004\102\000\040\004\103\004\074\004\075\004\113\004\105\000\040\004\062\004\065\004\111\004\065\004\071}{section.1}% 3
\BOOKMARK [2][-]{subsection.1.2}{\376\377\004\041\004\070\004\101\004\102\004\065\004\074\004\113\000\040\004\074\004\076\004\075\004\070\004\102\004\076\004\100\004\070\004\075\004\063\004\060\000\040\004\064\004\073\004\117\000\040\004\074\004\103\004\104\004\065\004\073\004\114\004\075\004\113\004\105\000\040\004\077\004\065\004\107\004\065\004\071\000\040\004\070\000\040\004\070\004\105\000\040\004\077\004\100\004\070\004\074\004\065\004\075\004\065\004\075\004\070\004\065}{section.1}% 4
\BOOKMARK [1][-]{section.2}{\376\377\004\041\004\062\004\065\004\064\004\065\004\075\004\070\004\117\000\040\004\076\000\040\004\072\004\076\004\075\004\104\004\070\004\063\004\103\004\100\004\060\004\106\004\070\004\070\000\040\004\101\004\070\004\101\004\102\004\065\004\074\004\113\000\040\004\074\004\076\004\075\004\070\004\102\004\076\004\100\004\070\004\075\004\063\004\060\000\040\004\102\004\065\004\105\004\075\004\076\004\073\004\076\004\063\004\070\004\107\004\065\004\101\004\072\004\076\004\063\004\076\000\040\004\077\004\100\004\076\004\106\004\065\004\101\004\101\004\060}{}% 5
\BOOKMARK [2][-]{subsection.2.1}{\376\377\004\036\004\064\004\075\004\076\004\077\004\060\004\073\004\060\004\102\004\075\004\113\004\071\000\040\004\072\004\076\004\074\004\077\004\114\004\116\004\102\004\065\004\100\000\040\000P\000r\000a\000n\000g\000e\000P\000i\000\040\000O\000n\000e}{section.2}% 6
\BOOKMARK [2][-]{subsection.2.2}{\376\377\004\042\004\062\004\065\004\100\004\064\004\076\004\102\004\065\004\073\004\114\004\075\004\076\004\065\000\040\004\100\004\065\004\073\004\065\000\040\000S\000S\000R\000-\0002\0005\000D\000A}{section.2}% 7
\BOOKMARK [2][-]{subsection.2.3}{\376\377\004\042\004\065\004\100\004\074\004\076\004\077\004\060\004\100\004\060\000\040\004\032\000-\004\102\004\070\004\077\004\060\000\040\004\070\000\040\004\074\004\076\004\064\004\103\004\073\004\114\000\040\004\077\004\100\004\065\004\076\004\061\004\100\004\060\004\067\004\076\004\062\004\060\004\102\004\065\004\073\004\117\000\040\004\102\004\065\004\100\004\074\004\076\004\077\004\060\004\100\004\113\000\040\000M\000A\000X\0006\0006\0007\0005}{section.2}% 8
\BOOKMARK [2][-]{subsection.2.4}{\376\377\004\024\004\070\004\101\004\077\004\073\004\065\004\071\000\040\000S\000P\000I\000\040\0001\0006\0000\0002\000\040\000L\000C\000D}{section.2}% 9
\BOOKMARK [2][-]{subsection.2.5}{\376\377\004\036\004\061\004\111\004\060\004\117\000\040\004\101\004\105\004\065\004\074\004\060\000\040\004\077\004\076\004\064\004\072\004\073\004\116\004\107\004\065\004\075\004\070\004\117}{section.2}% 10
\BOOKMARK [1][-]{section.3}{\376\377\004\042\004\065\004\076\004\100\004\065\004\102\004\070\004\107\004\065\004\101\004\072\004\070\004\065\000\040\004\101\004\062\004\065\004\064\004\065\004\075\004\070\004\117\000\040\004\076\004\061\000\040\004\070\004\101\004\077\004\076\004\073\004\114\004\067\004\103\004\065\004\074\004\113\004\105\000\040\004\062\000\040\004\100\004\060\004\067\004\100\004\060\004\061\004\076\004\102\004\072\004\065\000\040\004\102\004\065\004\105\004\075\004\076\004\073\004\076\004\063\004\070\004\117\004\105}{}% 11
\BOOKMARK [2][-]{subsection.3.1}{\376\377\004\032\004\073\004\070\004\065\004\075\004\102\000-\004\101\004\065\004\100\004\062\004\065\004\100\004\075\004\060\004\117\000\040\004\060\004\100\004\105\004\070\004\102\004\065\004\072\004\102\004\103\004\100\004\060}{section.3}% 12
\BOOKMARK [2][-]{subsection.3.2}{\376\377\004\041\004\065\004\100\004\062\004\065\004\100\004\075\004\060\004\117\000\040\004\107\004\060\004\101\004\102\004\114\000\040\004\077\004\100\004\070\004\073\004\076\004\066\004\065\004\075\004\070\004\117}{section.3}% 13
\BOOKMARK [3][-]{subsubsection.3.2.1}{\376\377\000P\000y\000t\000h\000o\000n}{subsection.3.2}% 14
\BOOKMARK [3][-]{subsubsection.3.2.2}{\376\377\004\037\004\100\004\076\004\102\004\076\004\072\004\076\004\073\000\040\000S\000P\000I}{subsection.3.2}% 15
\BOOKMARK [3][-]{subsubsection.3.2.3}{\376\377\004\037\004\100\004\076\004\102\004\076\004\072\004\076\004\073\000\040\000I\0002\000C}{subsection.3.2}% 16
\BOOKMARK [3][-]{subsubsection.3.2.4}{\376\377\004\021\004\070\004\061\004\073\004\070\004\076\004\102\004\065\004\072\004\060\000\040\000p\000y\000A\0002\0000}{subsection.3.2}% 17
\BOOKMARK [3][-]{subsubsection.3.2.5}{\376\377\000J\000a\000v\000a\000S\000c\000r\000i\000p\000t\000\040\000O\000b\000j\000e\000c\000t\000\040\000N\000o\000t\000a\000t\000i\000o\000n}{subsection.3.2}% 18
\BOOKMARK [3][-]{subsubsection.3.2.6}{\376\377\000A\000p\000a\000c\000h\000e\000\040\000H\000T\000T\000P\000\040\000S\000e\000r\000v\000e\000r}{subsection.3.2}% 19
\BOOKMARK [2][-]{subsection.3.3}{\376\377\004\032\004\073\004\070\004\065\004\075\004\102\004\101\004\072\004\060\004\117\000\040\004\107\004\060\004\101\004\102\004\114\000\040\004\077\004\100\004\070\004\073\004\076\004\066\004\065\004\075\004\070\004\117}{section.3}% 20
\BOOKMARK [3][-]{subsubsection.3.3.1}{\376\377\000J\000a\000v\000a\000s\000c\000r\000i\000p\000t}{subsection.3.3}% 21
\BOOKMARK [3][-]{subsubsection.3.3.2}{\376\377\000H\000T\000M\000L\000\040\000C\000S\000S}{subsection.3.3}% 22
\BOOKMARK [1][-]{section.4}{\376\377\004\040\004\060\004\067\004\100\004\060\004\061\004\076\004\102\004\072\004\060\000\040\004\077\004\100\004\070\004\073\004\076\004\066\004\065\004\075\004\070\004\117}{}% 23
\BOOKMARK [2][-]{subsection.4.1}{\376\377\004\041\004\065\004\100\004\062\004\065\004\100\004\075\004\060\004\117\000\040\004\107\004\060\004\101\004\102\004\114\000\040\004\077\004\100\004\070\004\073\004\076\004\066\004\065\004\075\004\070\004\117}{section.4}% 24
\BOOKMARK [2][-]{subsection.4.2}{\376\377\004\032\004\073\004\070\004\065\004\075\004\102\004\101\004\072\004\060\004\117\000\040\004\107\004\060\004\101\004\102\004\114\000\040\004\077\004\100\004\070\004\073\004\076\004\066\004\065\004\075\004\070\004\117}{section.4}% 25
\BOOKMARK [3][-]{subsubsection.4.2.1}{\376\377\004\035\004\060\004\107\004\060\004\073\004\114\004\075\004\060\004\117\000\040\004\101\004\102\004\100\004\060\004\075\004\070\004\106\004\060}{subsection.4.2}% 26
\BOOKMARK [3][-]{subsubsection.4.2.2}{\376\377\004\041\004\102\004\100\004\060\004\075\004\070\004\106\004\060\000\040\004\102\004\065\004\072\004\103\004\111\004\065\004\063\004\076\000\040\004\101\004\076\004\101\004\102\004\076\004\117\004\075\004\070\004\117}{subsection.4.2}% 27
\BOOKMARK [3][-]{subsubsection.4.2.3}{\376\377\004\041\004\102\004\100\004\060\004\075\004\070\004\106\004\060\000\040\004\100\004\065\004\066\004\070\004\074\004\076\004\062\000\040\004\100\004\060\004\061\004\076\004\102\004\113}{subsection.4.2}% 28
\BOOKMARK [1][-]{section*.2}{\376\377\004\027\004\020\004\032\004\033\004\056\004\047\004\025\004\035\004\030\004\025}{}% 29
\BOOKMARK [1][-]{section*.3}{\376\377\004\041\004\037\004\030\004\041\004\036\004\032\000\040\004\030\004\041\004\037\004\036\004\033\004\054\004\027\004\036\004\022\004\020\004\035\004\035\004\053\004\045\000\040\004\030\004\041\004\042\004\036\004\047\004\035\004\030\004\032\004\036\004\022}{}% 30
